2025-08-17T10:25:23.341+05:30  INFO 2092 --- [User] [restartedMain] oolTeacherManagementAssement1Application : Starting SchoolTeacherManagementAssement1Application using Java 21.0.7 with PID 2092 (C:\Users\226m1\Documents\workspace-spring-tools-for-eclipse-4.31.0.RELEASE\schoolTeacherManagementAssement-1\target\classes started by 226m1 in C:\Users\226m1\Documents\workspace-spring-tools-for-eclipse-4.31.0.RELEASE\schoolTeacherManagementAssement-1)
2025-08-17T10:25:23.342+05:30  INFO 2092 --- [User] [restartedMain] oolTeacherManagementAssement1Application : No active profile set, falling back to 1 default profile: "default"
2025-08-17T10:25:23.975+05:30  INFO 2092 --- [User] [restartedMain] .s.d.r.c.RepositoryConfigurationDelegate : Bootstrapping Spring Data JPA repositories in DEFAULT mode.
2025-08-17T10:25:23.999+05:30  INFO 2092 --- [User] [restartedMain] .s.d.r.c.RepositoryConfigurationDelegate : Finished Spring Data repository scanning in 18 ms. Found 2 JPA repository interfaces.
2025-08-17T10:25:24.148+05:30  INFO 2092 --- [User] [restartedMain] o.s.b.w.embedded.tomcat.TomcatWebServer  : Tomcat initialized with port 8080 (http)
2025-08-17T10:25:24.150+05:30  INFO 2092 --- [User] [restartedMain] o.apache.catalina.core.StandardService   : Starting service [Tomcat]
2025-08-17T10:25:24.150+05:30  INFO 2092 --- [User] [restartedMain] o.apache.catalina.core.StandardEngine    : Starting Servlet engine: [Apache Tomcat/10.1.43]
2025-08-17T10:25:24.216+05:30  INFO 2092 --- [User] [restartedMain] o.a.c.c.C.[Tomcat].[localhost].[/]       : Initializing Spring embedded WebApplicationContext
2025-08-17T10:25:24.217+05:30  INFO 2092 --- [User] [restartedMain] w.s.c.ServletWebServerApplicationContext : Root WebApplicationContext: initialization completed in 871 ms
2025-08-17T10:25:24.289+05:30  INFO 2092 --- [User] [restartedMain] o.hibernate.jpa.internal.util.LogHelper  : HHH000204: Processing PersistenceUnitInfo [name: default]
2025-08-17T10:25:24.293+05:30  INFO 2092 --- [User] [restartedMain] o.h.c.internal.RegionFactoryInitiator    : HHH000026: Second-level cache disabled
2025-08-17T10:25:24.307+05:30  INFO 2092 --- [User] [restartedMain] o.s.o.j.p.SpringPersistenceUnitInfo      : No LoadTimeWeaver setup: ignoring JPA class transformer
2025-08-17T10:25:24.308+05:30  INFO 2092 --- [User] [restartedMain] com.zaxxer.hikari.HikariDataSource       : HikariPool-3 - Starting...
2025-08-17T10:25:24.349+05:30  INFO 2092 --- [User] [restartedMain] com.zaxxer.hikari.pool.HikariPool        : HikariPool-3 - Added connection com.mysql.cj.jdbc.ConnectionImpl@3c1a985e
2025-08-17T10:25:24.350+05:30  INFO 2092 --- [User] [restartedMain] com.zaxxer.hikari.HikariDataSource       : HikariPool-3 - Start completed.
2025-08-17T10:25:24.352+05:30  INFO 2092 --- [User] [restartedMain] org.hibernate.orm.connections.pooling    : HHH10001005: Database info:
	Database JDBC URL [Connecting through datasource 'HikariDataSource (HikariPool-3)']
	Database driver: undefined/unknown
	Database version: 8.0.42
	Autocommit mode: undefined/unknown
	Isolation level: undefined/unknown
	Minimum pool size: undefined/unknown
	Maximum pool size: undefined/unknown
2025-08-17T10:25:24.470+05:30  INFO 2092 --- [User] [restartedMain] o.h.e.t.j.p.i.JtaPlatformInitiator       : HHH000489: No JTA platform available (set 'hibernate.transaction.jta.platform' to enable JTA platform integration)
2025-08-17T10:25:25.450+05:30  INFO 2092 --- [User] [restartedMain] j.LocalContainerEntityManagerFactoryBean : Initialized JPA EntityManagerFactory for persistence unit 'default'
2025-08-17T10:25:25.587+05:30  WARN 2092 --- [User] [restartedMain] JpaBaseConfiguration$JpaWebConfiguration : spring.jpa.open-in-view is enabled by default. Therefore, database queries may be performed during view rendering. Explicitly configure spring.jpa.open-in-view to disable this warning
2025-08-17T10:25:25.675+05:30  WARN 2092 --- [User] [restartedMain] ion$DefaultTemplateResolverConfiguration : Cannot find template location: classpath:/templates/ (please add some templates, check your Thymeleaf configuration, or set spring.thymeleaf.check-template-location=false)
2025-08-17T10:25:25.727+05:30  INFO 2092 --- [User] [restartedMain] o.s.b.a.h2.H2ConsoleAutoConfiguration    : H2 console available at '/h2-console'. Database available at 'jdbc:mysql://localhost:3306/User_Db?createDatabaseIfNotExist=true'
2025-08-17T10:25:25.755+05:30  INFO 2092 --- [User] [restartedMain] r$InitializeUserDetailsManagerConfigurer : Global AuthenticationManager configured with UserDetailsService bean with name inMemoryUserDetailsManager
2025-08-17T10:25:25.791+05:30  INFO 2092 --- [User] [restartedMain] o.s.b.d.a.OptionalLiveReloadServer       : LiveReload server is running on port 35729
2025-08-17T10:25:25.806+05:30  INFO 2092 --- [User] [restartedMain] o.s.b.w.embedded.tomcat.TomcatWebServer  : Tomcat started on port 8080 (http) with context path '/'
2025-08-17T10:25:25.817+05:30  INFO 2092 --- [User] [restartedMain] oolTeacherManagementAssement1Application : Started SchoolTeacherManagementAssement1Application in 2.688 seconds (process running for 264.831)
2025-08-17T10:25:27.237+05:30  INFO 2092 --- [User] [File Watcher] rtingClassPathChangeChangedEventListener : Restarting due to 13 class path changes (13 additions, 0 deletions, 0 modifications)
2025-08-17T10:25:27.239+05:30  INFO 2092 --- [User] [Thread-11] o.s.b.w.e.tomcat.GracefulShutdown        : Commencing graceful shutdown. Waiting for active requests to complete
2025-08-17T10:25:27.258+05:30  INFO 2092 --- [User] [tomcat-shutdown] o.s.b.w.e.tomcat.GracefulShutdown        : Graceful shutdown complete
2025-08-17T10:25:27.264+05:30  INFO 2092 --- [User] [Thread-11] j.LocalContainerEntityManagerFactoryBean : Closing JPA EntityManagerFactory for persistence unit 'default'
2025-08-17T10:25:27.266+05:30  INFO 2092 --- [User] [Thread-11] com.zaxxer.hikari.HikariDataSource       : HikariPool-3 - Shutdown initiated...
2025-08-17T10:25:27.278+05:30  INFO 2092 --- [User] [Thread-11] com.zaxxer.hikari.HikariDataSource       : HikariPool-3 - Shutdown completed.
